2025-04-20 12:24:48,953 - INFO - Model type received: VAE
2025-04-20 12:24:48,953 - INFO - Distribution type received: truncnorm
2025-04-20 12:24:48,953 - INFO - Using data directory: simulated_data/
2025-04-20 12:24:48,953 - INFO - Loading simulated data from simulated_data/
2025-04-20 12:24:48,953 - INFO - Loading simulated data from simulated_data/curves1k.npz
2025-04-20 12:24:49,223 - INFO - Simulated data shape: (2000, 800)
2025-04-20 12:24:49,223 - INFO - Combined data shape after shuffling: (2000, 800)
2025-04-20 12:24:50,917 - INFO - Using device: cuda
2025-04-20 12:24:50,917 - INFO - CUDA is available. Device count: 1
2025-04-20 12:24:50,921 - INFO - Current device: 0
2025-04-20 12:24:50,921 - INFO - Device name: NVIDIA RTX A500 Laptop GPU
2025-04-20 12:24:50,926 - INFO - The model VAE is currently being trained
2025-04-20 12:24:50,976 - INFO - The model has 54,960 parameters
2025-04-20 12:24:52,500 - INFO - Starting training loop...
2025-04-20 12:24:53,263 - INFO - Epoch: 2 | Train Loss: 0.3749994, Test Loss: 0.3247264, Lr: 0.00030000
2025-04-20 12:24:53,843 - INFO - Epoch: 4 | Train Loss: 0.1220317, Test Loss: 0.0767713, Lr: 0.00050000
2025-04-20 12:24:54,300 - INFO - Epoch: 6 | Train Loss: 0.0358787, Test Loss: 0.0296699, Lr: 0.00070000
2025-04-20 12:24:54,736 - INFO - Epoch: 8 | Train Loss: 0.0200282, Test Loss: 0.0169832, Lr: 0.00090000
2025-04-20 12:24:55,199 - INFO - Epoch: 10 | Train Loss: 0.0102686, Test Loss: 0.0082611, Lr: 0.00100000
2025-04-20 12:25:01,905 - INFO - Epoch: 40 | Train Loss: 0.0008935, Test Loss: 0.0005705, Lr: 0.00054548
2025-04-20 12:25:10,669 - INFO - Epoch: 80 | Train Loss: 0.0006939, Test Loss: 0.0004739, Lr: 0.00024312
2025-04-20 12:25:19,765 - INFO - Epoch: 120 | Train Loss: 0.0006177, Test Loss: 0.0004215, Lr: 0.00010836
2025-04-20 12:25:30,698 - INFO - Epoch: 160 | Train Loss: 0.0005855, Test Loss: 0.0003987, Lr: 0.00004830
2025-04-20 12:25:41,030 - INFO - Epoch: 200 | Train Loss: 0.0005768, Test Loss: 0.0003966, Lr: 0.00002153
2025-04-20 12:25:51,033 - INFO - Early stopping triggered!
2025-04-20 12:25:51,033 - INFO - Training completed.
2025-04-20 12:25:51,033 - INFO - Best model saved to train_vae_output\VAE_LD8_LC16_LR0.001_DISTtruncnorm_TS20250420_122448\models\best_model.pt
