2025-04-20 13:42:16,548 - INFO - Model type received: DeepCNNVAE
2025-04-20 13:42:16,548 - INFO - Distribution type received: truncnorm
2025-04-20 13:42:16,548 - INFO - Using data directory: simulated_data/
2025-04-20 13:42:16,551 - INFO - Loading simulated data from simulated_data/
2025-04-20 13:42:16,551 - INFO - Loading simulated data from simulated_data/curves1k.npz
2025-04-20 13:42:16,705 - INFO - Simulated data shape: (1600, 600)
2025-04-20 13:42:16,721 - INFO - Combined data shape after shuffling: (1600, 600)
2025-04-20 13:42:18,398 - INFO - Using device: cuda
2025-04-20 13:42:18,398 - INFO - CUDA is available. Device count: 1
2025-04-20 13:42:18,398 - INFO - Current device: 0
2025-04-20 13:42:18,404 - INFO - Device name: NVIDIA RTX A500 Laptop GPU
2025-04-20 13:42:18,411 - INFO - The model DeepCNNVAE is currently being trained
2025-04-20 13:42:18,470 - INFO - The model has 308,289 parameters
2025-04-20 13:42:20,026 - INFO - Starting training loop...
2025-04-20 13:42:22,042 - INFO - Epoch: 2 | Train Loss: 0.2054512, Test Loss: 0.1967012, Lr: 0.00030000
2025-04-20 13:42:23,664 - INFO - Epoch: 4 | Train Loss: 0.1870754, Test Loss: 0.1872432, Lr: 0.00050000
2025-04-20 13:42:25,247 - INFO - Epoch: 6 | Train Loss: 0.1810472, Test Loss: 0.1784616, Lr: 0.00070000
2025-04-20 13:42:26,843 - INFO - Epoch: 8 | Train Loss: 0.1685374, Test Loss: 0.1619724, Lr: 0.00090000
2025-04-20 13:42:28,443 - INFO - Epoch: 10 | Train Loss: 0.1399263, Test Loss: 0.1276234, Lr: 0.00100000
2025-04-20 13:42:52,792 - INFO - Epoch: 40 | Train Loss: 0.0980845, Test Loss: 0.0824889, Lr: 0.00054548
2025-04-20 13:43:25,674 - INFO - Epoch: 80 | Train Loss: 0.0968020, Test Loss: 0.0834016, Lr: 0.00024312
2025-04-20 13:43:42,401 - INFO - Early stopping triggered!
2025-04-20 13:43:42,401 - INFO - Training completed.
2025-04-20 13:43:42,417 - INFO - Best model saved to train_vae_output\DeepCNNVAE_LD8_LC16_LR0.001_DISTtruncnorm_TS20250420_134216\models\best_model.pt