2025-04-20 12:18:21,147 - INFO - Model type received: VAE
2025-04-20 12:18:21,147 - INFO - Distribution type received: truncnorm
2025-04-20 12:18:21,148 - INFO - Using data directory: simulated_data/
2025-04-20 12:18:21,150 - INFO - Loading simulated data from simulated_data/
2025-04-20 12:18:21,150 - INFO - Loading simulated data from simulated_data/curves1k.npz
2025-04-20 12:18:21,499 - INFO - Simulated data shape: (2000, 800)
2025-04-20 12:18:21,517 - INFO - Combined data shape after shuffling: (2000, 800)
2025-04-20 12:18:23,250 - INFO - Using device: cuda
2025-04-20 12:18:23,250 - INFO - CUDA is available. Device count: 1
2025-04-20 12:18:23,250 - INFO - Current device: 0
2025-04-20 12:18:23,250 - INFO - Device name: NVIDIA RTX A500 Laptop GPU
2025-04-20 12:18:23,268 - INFO - The model VAE is currently being trained
2025-04-20 12:18:23,326 - INFO - The model has 54,568 parameters
2025-04-20 12:18:36,438 - INFO - Starting training loop...
2025-04-20 12:18:37,468 - INFO - Epoch: 2 | Train Loss: 0.3797222, Test Loss: 0.3247517, Lr: 0.00030000
2025-04-20 12:18:37,972 - INFO - Epoch: 4 | Train Loss: 0.1719005, Test Loss: 0.1284579, Lr: 0.00050000
2025-04-20 12:18:38,486 - INFO - Epoch: 6 | Train Loss: 0.0914401, Test Loss: 0.0714209, Lr: 0.00070000
2025-04-20 12:18:38,977 - INFO - Epoch: 8 | Train Loss: 0.0107076, Test Loss: 0.0054219, Lr: 0.00090000
2025-04-20 12:18:39,481 - INFO - Epoch: 10 | Train Loss: 0.0040150, Test Loss: 0.0021196, Lr: 0.00100000
2025-04-20 12:18:48,897 - INFO - Epoch: 40 | Train Loss: 0.0009316, Test Loss: 0.0006353, Lr: 0.00054548
2025-04-20 12:18:59,363 - INFO - Epoch: 80 | Train Loss: 0.0007626, Test Loss: 0.0005360, Lr: 0.00024312
2025-04-20 12:19:16,463 - INFO - Epoch: 120 | Train Loss: 0.0007000, Test Loss: 0.0005102, Lr: 0.00010836
2025-04-20 12:19:42,277 - INFO - Epoch: 160 | Train Loss: 0.0006713, Test Loss: 0.0004742, Lr: 0.00004830
2025-04-20 12:19:56,493 - INFO - Epoch: 200 | Train Loss: 0.0006525, Test Loss: 0.0004607, Lr: 0.00002153
2025-04-20 12:20:18,595 - INFO - Epoch: 240 | Train Loss: 0.0006499, Test Loss: 0.0004613, Lr: 0.00000959
2025-04-20 12:20:36,430 - INFO - Early stopping triggered!
2025-04-20 12:20:36,430 - INFO - Training completed.
2025-04-20 12:20:36,448 - INFO - Best model saved to train_vae_output\VAE_LD4_LC16_LR0.001_DISTtruncnorm_TS20250420_121821\models\best_model.pt