2025-04-20 14:21:49,869 - INFO - Model type received: DeepCNNVAE
2025-04-20 14:21:49,869 - INFO - Distribution type received: truncnorm
2025-04-20 14:21:49,869 - INFO - Using data directory: simulated_data/
2025-04-20 14:21:49,869 - INFO - Loading simulated data from simulated_data/
2025-04-20 14:21:49,885 - INFO - Loading simulated data from simulated_data/curves1k.npz
2025-04-20 14:21:50,043 - INFO - Simulated data shape: (1600, 600)
2025-04-20 14:21:50,051 - INFO - Combined data shape after shuffling: (1600, 600)
2025-04-20 14:21:51,764 - INFO - Using device: cuda
2025-04-20 14:21:51,766 - INFO - CUDA is available. Device count: 1
2025-04-20 14:21:51,776 - INFO - Current device: 0
2025-04-20 14:21:51,776 - INFO - Device name: NVIDIA RTX A500 Laptop GPU
2025-04-20 14:21:51,784 - INFO - The model DeepCNNVAE is currently being trained
2025-04-20 14:21:51,852 - INFO - The model has 538,705 parameters
2025-04-20 14:21:53,748 - INFO - Starting training loop...
2025-04-20 14:21:55,817 - INFO - Epoch: 2 | Train Loss: 1.1305060, Test Loss: 0.6892757, Lr: 0.00030000
2025-04-20 14:21:57,472 - INFO - Epoch: 4 | Train Loss: 0.2501640, Test Loss: 0.2152597, Lr: 0.00050000
2025-04-20 14:21:59,097 - INFO - Epoch: 6 | Train Loss: 0.1906871, Test Loss: 0.1720911, Lr: 0.00070000
2025-04-20 14:22:00,721 - INFO - Epoch: 8 | Train Loss: 0.1816076, Test Loss: 0.1648885, Lr: 0.00090000
2025-04-20 14:22:02,372 - INFO - Epoch: 10 | Train Loss: 0.1776940, Test Loss: 0.1625706, Lr: 0.00100000
2025-04-20 14:22:27,280 - INFO - Epoch: 40 | Train Loss: 0.1018492, Test Loss: 0.0989133, Lr: 0.00054548
2025-04-20 14:23:00,867 - INFO - Epoch: 80 | Train Loss: 0.0977555, Test Loss: 0.0954570, Lr: 0.00024312
2025-04-20 14:23:34,861 - INFO - Epoch: 120 | Train Loss: 0.0963768, Test Loss: 0.0963030, Lr: 0.00010836
2025-04-20 14:24:17,242 - INFO - Epoch: 160 | Train Loss: 0.0964589, Test Loss: 0.0953418, Lr: 0.00004830
2025-04-20 14:24:22,358 - INFO - Early stopping triggered!
2025-04-20 14:24:22,358 - INFO - Training completed.
2025-04-20 14:24:22,375 - INFO - Best model saved to train_vae_output\DeepCNNVAE_LD16_LC16_LR0.001_DISTtruncnorm_TS20250420_142149\models\best_model.pt
